<?xml version="1.0" encoding="UTF-8"?>
<Site BuildName="(empty)"
	BuildStamp="20250823-1535-Experimental"
	Name="(empty)"
	Generator="ctest-3.25.1"
	CompilerName=""
	CompilerVersion=""
	OSName="Linux"
	Hostname="LAPTOP-ITSI3UGC"
	OSRelease="5.15.167.4-microsoft-standard-WSL2"
	OSVersion="#1 SMP Tue Nov 5 00:21:55 UTC 2024"
	OSPlatform="x86_64"
	Is64Bits="1"
	VendorString="GenuineIntel"
	VendorID="Intel Corporation"
	FamilyID="6"
	ModelID="170"
	ProcessorCacheSize="18432"
	NumberOfLogicalCPU="18"
	NumberOfPhysicalCPU="9"
	TotalVirtualMemory="2048"
	TotalPhysicalMemory="7656"
	LogicalProcessorsPerPhysical="2"
	ProcessorClockFrequency="2995.2"
	>
	<Testing>
		<StartDateTime>Aug 23 21:09 IST</StartDateTime>
		<StartTestTime>1755963552</StartTestTime>
		<TestList/>
		<EndDateTime>Aug 23 21:09 IST</EndDateTime>
		<EndTestTime>1755963552</EndTestTime>
		<ElapsedMinutes>0</ElapsedMinutes>
	</Testing>
</Site>
